2026/05/02 14:40:40 [EVENT_LOOP] START
2026/05/02 14:40:52 [EVENT_LOOP] Message lu en entrée: ACTION:SC_REQUEST
ID:msg-1
DEST:-1
SENDER:2
STAMP:1
VECT:1,0,0

2026/05/02 14:40:52 [CONTROLLER] Message reçut site 1 | Sender: 2 | Dest: -1
2026/05/02 14:40:52 [ROUTAGE] Broadcast reçu sur site 1
2026/05/02 14:40:52 [CONTROLLER] Action: SC_REQUEST | de: 2 | Lamport: 2
2026/05/02 14:40:52 [CONTROLLER] Appel file répartie
2026/05/02 14:40:52 [EVENT_LOOP] Message ecrit en sortie: ACTION:SC_REQUEST
ID:msg-1
DEST:-1
SENDER:2
STAMP:1
VECT:1,0,0

2026/05/02 14:40:52 [EVENT_LOOP] Message ecrit en sortie: ACTION:ACK
ID:fa234860-7964-4bcf-9b29-dfd200581280
DEST:1
SENDER:1
STAMP:3
VECT:2,0,0
CHUNK:0

